+0.0ns 1 0 paired
+0.0ns 2 0 paired
+0.0ns 3 1 paired
+0.0ns 4 0 paired
+0.0ns 5 3 paired
+0.0ns 6 4 paired
+0.0ns 7 3 paired
+0.0ns 8 1 paired
+0.0ns 9 7 paired
+0.0ns 2 0 duplicate
+0.0ns 8 1 duplicate
+0.0ns 7 4 paired
+0.0ns 1 2 paired
+0.0ns 1 3 duplicate
+0.0ns 1 4 paired
+0.0ns 6 4 duplicate
+0.0ns 2 4 paired
+0.0ns 9 8 paired
+0.0ns 8 5 paired
+4422153739.0ns 0 4 : NEW
+4422153739.0ns 6 4 : NEW
+4422153739.0ns 7 4 : NEW
+4422153739.0ns 1 4 : NEW
+4422153739.0ns 2 4 : NEW
+4866460338.0ns 1 3 : NEW
+4866460338.0ns 5 3 : NEW
+4866460338.0ns 7 3 : NEW
+5724780643.0ns 1 8 : NEW
+5724780643.0ns 9 8 : NEW
+5724780643.0ns 5 8 : NEW
+7306830953.0ns 3 7 4 : NEW
+7306830953.0ns 3 7 : NEW
+7306830953.0ns 9 7 3 : NEW
+7306830953.0ns 9 7 4 : NEW
+7306830953.0ns 9 7 : NEW
+7306830953.0ns 4 7 3 : NEW
+7306830953.0ns 4 7 : NEW
+8787372956.0ns 4 6 : NEW
+8843517410.0ns 0 4 7 3 : NEW
+8843517410.0ns 0 4 6 : NEW
+8843517410.0ns 0 4 7 : NEW
+8843517410.0ns 6 4 7 3 : NEW
+8843517410.0ns 6 4 7 : NEW
+8843517410.0ns 7 4 6 : NEW
+8843517410.0ns 1 4 6 : NEW
+8843517410.0ns 1 4 7 : NEW
+8843517410.0ns 2 4 7 3 : NEW
+8843517410.0ns 2 4 6 : NEW
+8843517410.0ns 2 4 7 : NEW
+8914417875.0ns 3 5 : NEW
+8914417875.0ns 3 5 8 : NEW
+8914417875.0ns 8 5 3 : NEW
+8914417875.0ns 8 5 : NEW
+9168193896.0ns 0 2 : NEW
+9168193896.0ns 1 2 : NEW
+9168193896.0ns 4 2 : NEW
+12043420845.0ns 3 7 4 6 : NEW
+12043420845.0ns 9 7 4 6 : NEW
+14780152012.0ns 1 0 : NEW
+14780152012.0ns 2 0 : NEW
+14780152012.0ns 4 0 : NEW
+14976935317.0ns 7 9 8 : NEW
+14976935317.0ns 7 9 : NEW
+14976935317.0ns 8 9 7 4 : NEW
+14976935317.0ns 8 9 7 4 6 : NEW
+14976935317.0ns 8 9 7 : NEW
+14976935317.0ns 8 9 : NEW
+15276552353.0ns 3 7 9 : NEW
+15276552353.0ns 4 7 9 8 : NEW
+15276552353.0ns 4 7 9 : NEW
+15723778354.0ns 0 1 : NEW
+15723778354.0ns 0 1 3 : UPDATE 0 4 7 3
+15723778354.0ns 0 1 8 : NEW
+15723778354.0ns 3 1 0 : NEW
+15723778354.0ns 3 1 : NEW
+15723778354.0ns 3 1 2 : NEW
+15723778354.0ns 8 1 0 : NEW
+15723778354.0ns 8 1 : NEW
+15723778354.0ns 8 1 2 : NEW
+15723778354.0ns 8 1 4 : UPDATE 8 9 7 4
+15723778354.0ns 8 1 4 6 : UPDATE 8 9 7 4 6
+15723778354.0ns 2 1 : NEW
+15723778354.0ns 2 1 3 : UPDATE 2 4 7 3
+15723778354.0ns 2 1 8 : NEW
+15723778354.0ns 4 1 : NEW
+15723778354.0ns 4 1 8 : UPDATE 4 7 9 8
+15735797569.0ns 1 3 5 : NEW
+15735797569.0ns 1 3 7 9 : NEW
+15735797569.0ns 5 3 1 0 : NEW
+15735797569.0ns 5 3 1 : NEW
+15735797569.0ns 5 3 1 2 : NEW
+15735797569.0ns 5 3 7 4 : NEW
+15735797569.0ns 5 3 7 4 6 : NEW
+15735797569.0ns 5 3 7 : NEW
+15735797569.0ns 5 3 7 9 : NEW
+15735797569.0ns 7 3 1 0 : NEW
+15735797569.0ns 7 3 1 : NEW
+15735797569.0ns 7 3 1 2 : NEW
+15735797569.0ns 7 3 5 : NEW
+19223241206.0ns 1 8 9 : UPDATE 1 3 7 9
+19223241206.0ns 9 8 1 0 : NEW
+19223241206.0ns 9 8 1 : NEW
+19223241206.0ns 9 8 1 2 : NEW
+19223241206.0ns 9 8 5 : NEW
+19223241206.0ns 5 8 9 : UPDATE 5 3 7 9
+21644036934.0ns 0 4 7 9 : NEW
+21644036934.0ns 6 4 0 : NEW
+21644036934.0ns 6 4 1 : NEW
+21644036934.0ns 6 4 2 : NEW
+21644036934.0ns 6 4 1 8 : NEW
+21644036934.0ns 6 4 7 9 : NEW
+21644036934.0ns 7 4 0 : UPDATE 7 3 1 0
+21644036934.0ns 7 4 2 : UPDATE 7 3 1 2
+21644036934.0ns 2 4 7 9 : NEW
+23047683577.0ns 4 7 3 5 : NEW
+31152494161.0ns 0 4 7 3 5 : NEW
+31152494161.0ns 6 4 7 3 5 : NEW
+31152494161.0ns 2 4 7 3 5 : NEW
+35597787895.0ns 0 1 3 5 : UPDATE 0 4 7 3 5
+35597787895.0ns 2 1 3 5 : UPDATE 2 4 7 3 5
+346100786566.0ns 4 7 TIMEOUT
+346100786566.0ns 4 1 3 : UPDATE 4 7 3
+346100786566.0ns 4 1 3 5 : UPDATE 4 7 3 5
+346100786566.0ns 4 7 : NO PATH
+346100786566.0ns 4 1 8 9 : UPDATE 4 7 9
+351925761464.0ns 5 8 TIMEOUT
+351925761464.0ns 5 8 : NO PATH
+351925761464.0ns 5 3 7 9 : UPDATE 5 8 9
+353527783396.0ns 1 2 TIMEOUT
+353527783396.0ns 1 0 2 : UPDATE 1 2
+353527783396.0ns 2 1 TIMEOUT
+353527783396.0ns 2 0 1 : UPDATE 2 1
+353527783396.0ns 2 0 1 3 : UPDATE 2 1 3
+353527783396.0ns 2 0 1 3 5 : UPDATE 2 1 3 5
+353527783396.0ns 2 0 1 8 : UPDATE 2 1 8
+353527783396.0ns 4 1 TIMEOUT
+353527783396.0ns 4 0 1 : UPDATE 4 1
+353527783396.0ns 4 0 1 3 : UPDATE 4 1 3
+353527783396.0ns 4 0 1 3 5 : UPDATE 4 1 3 5
+353527783396.0ns 4 0 1 8 : UPDATE 4 1 8
+353527783396.0ns 4 9 : NO PATH
+353527783396.0ns 4 2 TIMEOUT
+353527783396.0ns 4 0 2 : UPDATE 4 2
+354686579584.0ns 3 1 0 2 : UPDATE 3 1 2
+354686579584.0ns 8 1 0 2 : UPDATE 8 1 2
+356336575923.0ns 0 1 4 7 : UPDATE 0 4 7
+356336575923.0ns 0 1 8 9 : UPDATE 0 4 7 9
+356336575923.0ns 6 4 0 1 : UPDATE 6 4 1
+356336575923.0ns 6 4 0 2 : UPDATE 6 4 2
+356336575923.0ns 6 4 0 1 3 : UPDATE 6 4 7 3
+356336575923.0ns 6 4 0 1 3 5 : UPDATE 6 4 7 3 5
+356336575923.0ns 6 7 : NO PATH
+356336575923.0ns 6 4 0 1 8 : UPDATE 6 4 1 8
+356336575923.0ns 6 9 : NO PATH
+359193214717.0ns 1 4 TIMEOUT
+359193214717.0ns 1 0 4 : UPDATE 1 4
+359193214717.0ns 1 0 4 6 : UPDATE 1 4 6
+359193214717.0ns 1 3 7 : UPDATE 1 4 7
+359716646384.0ns 7 4 TIMEOUT
+359716646384.0ns 7 3 1 0 : UPDATE 7 4 0
+359716646384.0ns 7 3 1 2 : UPDATE 7 4 2
+359716646384.0ns 7 4 : NO PATH
+359716646384.0ns 7 6 : NO PATH
+360325395759.0ns 3 1 8 : UPDATE 3 5 8
+361324823459.0ns 5 3 1 0 2 : UPDATE 5 3 1 2
+361324823459.0ns 5 3 1 8 : NEW
+361324823459.0ns 7 3 1 0 2 : UPDATE 7 3 1 2
+362138338582.0ns 3 1 4 : UPDATE 3 7 4
+362138338582.0ns 3 1 4 6 : UPDATE 3 7 4 6
+362138338582.0ns 9 8 1 4 : UPDATE 9 7 4
+362138338582.0ns 9 8 1 4 6 : UPDATE 9 7 4 6
+362138338582.0ns 9 8 TIMEOUT
+362138338582.0ns 9 7 3 1 0 : UPDATE 9 8 1 0
+362138338582.0ns 9 7 3 1 : UPDATE 9 8 1
+362138338582.0ns 9 7 3 1 0 2 : UPDATE 9 8 1 2
+362138338582.0ns 9 4 : NO PATH
+362138338582.0ns 9 7 3 5 : UPDATE 9 8 5
+362138338582.0ns 9 6 : NO PATH
+362138338582.0ns 9 8 : NO PATH
+362149409155.0ns 2 4 TIMEOUT
+362149409155.0ns 2 0 4 : UPDATE 2 4
+362149409155.0ns 2 0 4 6 : UPDATE 2 4 6
+362149409155.0ns 2 0 1 4 7 : UPDATE 2 4 7
+362149409155.0ns 2 0 1 8 9 : UPDATE 2 4 7 9
+362149409155.0ns 4 0 1 8 9 : NEW
+362582305363.0ns 7 3 1 8 : UPDATE 7 9 8
+364072532891.0ns 5 3 1 4 : UPDATE 5 3 7 4
+364072532891.0ns 5 3 1 4 6 : UPDATE 5 3 7 4 6
+364072532891.0ns 7 3 1 4 : NEW
+364072532891.0ns 7 3 1 4 6 : NEW
+364874694563.0ns 0 1 3 7 : UPDATE 0 1 4 7
+364874694563.0ns 3 1 0 4 : UPDATE 3 1 4
+364874694563.0ns 3 1 0 4 6 : UPDATE 3 1 4 6
+364874694563.0ns 8 1 0 4 : UPDATE 8 1 4
+364874694563.0ns 8 1 0 4 6 : UPDATE 8 1 4 6
+364874694563.0ns 8 5 TIMEOUT
+364874694563.0ns 8 1 3 : UPDATE 8 5 3
+364874694563.0ns 8 1 3 5 : UPDATE 8 5
+364874694563.0ns 8 9 TIMEOUT
+364874694563.0ns 8 1 3 7 : UPDATE 8 9 7
+364874694563.0ns 8 9 : NO PATH
+372194717938.0ns 1 3 7 9 : UPDATE 1 8 9
+374116089838.0ns 9 7 3 1 4 : NEW
+374116089838.0ns 9 7 3 1 4 6 : NEW
+374116089838.0ns 9 7 3 1 8 : NEW
+376612137406.0ns 6 4 0 1 8 9 : NEW
+378263549282.0ns 2 0 1 3 7 : UPDATE 2 0 1 4 7
+378263549282.0ns 4 0 1 3 7 : NEW
+381901264906.0ns 5 3 1 0 4 : UPDATE 5 3 1 4
+381901264906.0ns 5 3 1 0 4 6 : UPDATE 5 3 1 4 6
+381901264906.0ns 7 3 1 0 4 : UPDATE 7 3 1 4
+381901264906.0ns 7 3 1 0 4 6 : UPDATE 7 3 1 4 6
+382410870779.0ns 9 7 3 1 0 4 : UPDATE 9 7 3 1 4
+382410870779.0ns 9 7 3 1 0 4 6 : UPDATE 9 7 3 1 4 6
+384844529378.0ns 6 4 0 1 3 7 : NEW
+384916933924.0ns 0 1 3 7 9 : UPDATE 0 1 8 9
+384916933924.0ns 8 1 3 7 9 : NEW
+386413392935.0ns 2 0 1 3 7 9 : UPDATE 2 0 1 8 9
+386413392935.0ns 4 0 1 3 7 9 : UPDATE 4 0 1 8 9
+390147587621.0ns 6 4 0 1 3 7 9 : UPDATE 6 4 0 1 8 9
