Waf: Entering directory `/home/arwin/cs456/ns-allinone-3.22/ns-3.22/build'
[ 855/2404] cxx: scratch/a2/pvr.cc -> build/scratch/a2/pvr.cc.1.o
[2064/2404] pcfile: build/src/uan/libns3.22-uan-debug.pc
[2066/2404] pcfile: build/src/test/libns3.22-test-debug.pc
[2067/2404] pcfile: build/src/network/libns3.22-network-debug.pc
[2067/2404] pcfile: build/src/netanim/libns3.22-netanim-debug.pc
[2069/2404] pcfile: build/src/internet/libns3.22-internet-debug.pc
[2070/2404] pcfile: build/src/mobility/libns3.22-mobility-debug.pc
[2070/2404] pcfile: build/src/flow-monitor/libns3.22-flow-monitor-debug.pc
[2070/2404] pcfile: build/src/dsdv/libns3.22-dsdv-debug.pc
[2072/2404] pcfile: build/src/bridge/libns3.22-bridge-debug.pc
[2073/2404] pcfile: build/src/applications/libns3.22-applications-debug.pc
[2074/2404] pcfile: build/src/dsr/libns3.22-dsr-debug.pc
[2075/2404] pcfile: build/src/energy/libns3.22-energy-debug.pc
[2075/2404] pcfile: build/src/lr-wpan/libns3.22-lr-wpan-debug.pc
[2075/2404] pcfile: build/src/mpi/libns3.22-mpi-debug.pc
[2076/2404] pcfile: build/src/olsr/libns3.22-olsr-debug.pc
[2079/2404] pcfile: build/src/point-to-point/libns3.22-point-to-point-debug.pc
[2079/2404] pcfile: build/src/virtual-net-device/libns3.22-virtual-net-device-debug.pc
[2081/2404] pcfile: build/src/spectrum/libns3.22-spectrum-debug.pc
[2082/2404] pcfile: build/src/point-to-point-layout/libns3.22-point-to-point-layout-debug.pc
[2082/2404] pcfile: build/src/lte/libns3.22-lte-debug.pc
[2085/2404] pcfile: build/src/csma-layout/libns3.22-csma-layout-debug.pc
[2086/2404] pcfile: build/src/core/libns3.22-core-debug.pc
[2086/2404] pcfile: build/src/buildings/libns3.22-buildings-debug.pc
[2088/2404] pcfile: build/src/aodv/libns3.22-aodv-debug.pc
[2090/2404] pcfile: build/src/antenna/libns3.22-antenna-debug.pc
[2090/2404] pcfile: build/src/config-store/libns3.22-config-store-debug.pc
[2091/2404] pcfile: build/src/csma/libns3.22-csma-debug.pc
[2092/2404] pcfile: build/src/fd-net-device/libns3.22-fd-net-device-debug.pc
[2092/2404] pcfile: build/src/mesh/libns3.22-mesh-debug.pc
[2097/2404] pcfile: build/src/nix-vector-routing/libns3.22-nix-vector-routing-debug.pc
[2098/2404] pcfile: build/src/propagation/libns3.22-propagation-debug.pc
[2098/2404] pcfile: build/src/sixlowpan/libns3.22-sixlowpan-debug.pc
[2098/2404] pcfile: build/src/stats/libns3.22-stats-debug.pc
[2098/2404] pcfile: build/src/tap-bridge/libns3.22-tap-bridge-debug.pc
[2100/2404] pcfile: build/src/topology-read/libns3.22-topology-read-debug.pc
[2100/2404] pcfile: build/src/wave/libns3.22-wave-debug.pc
[2102/2404] pcfile: build/src/wifi/libns3.22-wifi-debug.pc
[2120/2404] pcfile: build/src/wimax/libns3.22-wimax-debug.pc
[2120/2404] cxxshlib: build/src/fd-net-device/model/fd-net-device.cc.1.o build/src/fd-net-device/helper/fd-net-device-helper.cc.1.o build/src/fd-net-device/helper/encode-decode.cc.1.o build/src/fd-net-device/helper/creator-utils.cc.1.o build/src/fd-net-device/helper/tap-fd-net-device-helper.cc.1.o build/src/fd-net-device/helper/emu-fd-net-device-helper.cc.1.o -> build/libns3.22-fd-net-device-debug.so
[2129/2404] cxxprogram: build/src/stats/examples/gnuplot-example.cc.1.o -> build/src/stats/examples/ns3.22-gnuplot-example-debug
[2140/2404] cxxprogram: build/src/mobility/examples/main-random-walk.cc.3.o -> build/src/mobility/examples/ns3.22-main-random-walk-debug
[2141/2404] cxxprogram: build/src/stats/examples/gnuplot-aggregator-example.cc.4.o -> build/src/stats/examples/ns3.22-gnuplot-aggregator-example-debug
[2141/2404] cxxprogram: build/src/config-store/examples/config-store-save.cc.1.o -> build/src/config-store/examples/ns3.22-config-store-save-debug
[2141/2404] cxxshlib: build/src/topology-read/test/rocketfuel-topology-reader-test-suite.cc.3.o -> build/libns3.22-topology-read-test-debug.so
[2140/2404] cxxshlib: build/src/csma/model/backoff.cc.1.o build/src/csma/model/csma-net-device.cc.1.o build/src/csma/model/csma-channel.cc.1.o build/src/csma/helper/csma-helper.cc.1.o -> build/libns3.22-csma-debug.so
[2141/2404] cxxshlib: build/src/propagation/model/propagation-delay-model.cc.1.o build/src/propagation/model/propagation-loss-model.cc.1.o build/src/propagation/model/jakes-propagation-loss-model.cc.1.o build/src/propagation/model/jakes-process.cc.1.o build/src/propagation/model/cost231-propagation-loss-model.cc.1.o build/src/propagation/model/okumura-hata-propagation-loss-model.cc.1.o build/src/propagation/model/itu-r-1411-los-propagation-loss-model.cc.1.o build/src/propagation/model/itu-r-1411-nlos-over-rooftop-propagation-loss-model.cc.1.o build/src/propagation/model/kun-2600-mhz-propagation-loss-model.cc.1.o -> build/libns3.22-propagation-debug.so
[2142/2404] cxxprogram: build/src/mobility/examples/mobility-trace-example.cc.4.o -> build/src/mobility/examples/ns3.22-mobility-trace-example-debug
[2143/2404] cxxshlib: build/src/mobility/test/mobility-test-suite.cc.3.o build/src/mobility/test/mobility-trace-test-suite.cc.3.o build/src/mobility/test/ns2-mobility-helper-test-suite.cc.3.o build/src/mobility/test/steady-state-random-waypoint-mobility-model-test.cc.3.o build/src/mobility/test/waypoint-mobility-model-test.cc.3.o -> build/libns3.22-mobility-test-debug.so
[2144/2404] cxxshlib: build/src/point-to-point/model/point-to-point-net-device.cc.1.o build/src/point-to-point/model/point-to-point-channel.cc.1.o build/src/point-to-point/model/point-to-point-remote-channel.cc.1.o build/src/point-to-point/model/ppp-header.cc.1.o build/src/point-to-point/helper/point-to-point-helper.cc.1.o -> build/libns3.22-point-to-point-debug.so
[2145/2404] cxxprogram: build/src/core/examples/main-random-variable-stream.cc.5.o -> build/src/core/examples/ns3.22-main-random-variable-stream-debug
[2146/2404] cxxshlib: build/src/internet/model/ip-l4-protocol.cc.1.o build/src/internet/model/udp-header.cc.1.o build/src/internet/model/tcp-header.cc.1.o build/src/internet/model/ipv4-interface.cc.1.o build/src/internet/model/ipv4-l3-protocol.cc.1.o build/src/internet/model/ipv4-end-point.cc.1.o build/src/internet/model/udp-l4-protocol.cc.1.o build/src/internet/model/tcp-l4-protocol.cc.1.o build/src/internet/model/arp-header.cc.1.o build/src/internet/model/arp-cache.cc.1.o build/src/internet/model/arp-l3-protocol.cc.1.o build/src/internet/model/udp-socket-impl.cc.1.o build/src/internet/model/ipv4-end-point-demux.cc.1.o build/src/internet/model/udp-socket-factory-impl.cc.1.o build/src/internet/model/tcp-socket-factory-impl.cc.1.o build/src/internet/model/pending-data.cc.1.o build/src/internet/model/rtt-estimator.cc.1.o build/src/internet/model/ipv4-raw-socket-factory-impl.cc.1.o build/src/internet/model/ipv4-raw-socket-impl.cc.1.o build/src/internet/model/icmpv4.cc.1.o build/src/internet/model/icmpv4-l4-protocol.cc.1.o build/src/internet/model/loopback-net-device.cc.1.o build/src/internet/model/ndisc-cache.cc.1.o build/src/internet/model/ipv6-interface.cc.1.o build/src/internet/model/icmpv6-header.cc.1.o build/src/internet/model/ipv6-l3-protocol.cc.1.o build/src/internet/model/ipv6-end-point.cc.1.o build/src/internet/model/ipv6-end-point-demux.cc.1.o build/src/internet/model/ipv6-raw-socket-factory-impl.cc.1.o build/src/internet/model/ipv6-raw-socket-impl.cc.1.o build/src/internet/model/ipv6-autoconfigured-prefix.cc.1.o build/src/internet/model/ipv6-extension.cc.1.o build/src/internet/model/ipv6-extension-header.cc.1.o build/src/internet/model/ipv6-extension-demux.cc.1.o build/src/internet/model/ipv6-option.cc.1.o build/src/internet/model/ipv6-option-header.cc.1.o build/src/internet/model/ipv6-option-demux.cc.1.o build/src/internet/model/icmpv6-l4-protocol.cc.1.o build/src/internet/model/tcp-socket-base.cc.1.o build/src/internet/model/tcp-rfc793.cc.1.o build/src/internet/model/tcp-tahoe.cc.1.o build/src/internet/model/tcp-reno.cc.1.o build/src/internet/model/tcp-newreno.cc.1.o build/src/internet/model/tcp-westwood.cc.1.o build/src/internet/model/tcp-rx-buffer.cc.1.o build/src/internet/model/tcp-tx-buffer.cc.1.o build/src/internet/model/tcp-option.cc.1.o build/src/internet/model/tcp-option-rfc793.cc.1.o build/src/internet/model/tcp-option-winscale.cc.1.o build/src/internet/model/tcp-option-ts.cc.1.o build/src/internet/model/ipv4-packet-info-tag.cc.1.o build/src/internet/model/ipv6-packet-info-tag.cc.1.o build/src/internet/model/ipv4-interface-address.cc.1.o build/src/internet/model/ipv4-address-generator.cc.1.o build/src/internet/model/ipv4-header.cc.1.o build/src/internet/model/ipv4-route.cc.1.o build/src/internet/model/ipv4-routing-protocol.cc.1.o build/src/internet/model/udp-socket.cc.1.o build/src/internet/model/udp-socket-factory.cc.1.o build/src/internet/model/tcp-socket.cc.1.o build/src/internet/model/tcp-socket-factory.cc.1.o build/src/internet/model/ipv4.cc.1.o build/src/internet/model/ipv4-raw-socket-factory.cc.1.o build/src/internet/model/ipv6-header.cc.1.o build/src/internet/model/ipv6-interface-address.cc.1.o build/src/internet/model/ipv6-route.cc.1.o build/src/internet/model/ipv6.cc.1.o build/src/internet/model/ipv6-raw-socket-factory.cc.1.o build/src/internet/model/ipv6-routing-protocol.cc.1.o build/src/internet/model/ipv4-list-routing.cc.1.o build/src/internet/model/ipv6-list-routing.cc.1.o build/src/internet/helper/ipv4-list-routing-helper.cc.1.o build/src/internet/helper/ipv6-list-routing-helper.cc.1.o build/src/internet/model/ipv4-static-routing.cc.1.o build/src/internet/model/ipv4-routing-table-entry.cc.1.o build/src/internet/model/ipv6-static-routing.cc.1.o build/src/internet/model/ipv6-routing-table-entry.cc.1.o build/src/internet/helper/ipv4-static-routing-helper.cc.1.o build/src/internet/helper/ipv6-static-routing-helper.cc.1.o build/src/internet/model/global-router-interface.cc.1.o build/src/internet/model/global-route-manager.cc.1.o build/src/internet/model/global-route-manager-impl.cc.1.o build/src/internet/model/candidate-queue.cc.1.o build/src/internet/model/codel-queue.cc.1.o build/src/internet/model/ipv4-global-routing.cc.1.o build/src/internet/helper/ipv4-global-routing-helper.cc.1.o build/src/internet/helper/internet-stack-helper.cc.1.o build/src/internet/helper/internet-trace-helper.cc.1.o build/src/internet/helper/ipv4-address-helper.cc.1.o build/src/internet/helper/ipv4-interface-container.cc.1.o build/src/internet/helper/ipv4-routing-helper.cc.1.o build/src/internet/helper/ipv6-address-helper.cc.1.o build/src/internet/helper/ipv6-interface-container.cc.1.o build/src/internet/helper/ipv6-routing-helper.cc.1.o build/src/internet/model/ipv6-address-generator.cc.1.o build/src/internet/model/ipv4-packet-probe.cc.1.o build/src/internet/model/ipv6-packet-probe.cc.1.o build/src/internet/model/ipv6-pmtu-cache.cc.1.o build/src/internet/model/ripng.cc.1.o build/src/internet/model/ripng-header.cc.1.o build/src/internet/helper/ripng-helper.cc.1.o -> build/libns3.22-internet-debug.so
[2147/2404] cxxprogram: build/src/mobility/examples/main-grid-topology.cc.1.o -> build/src/mobility/examples/ns3.22-main-grid-topology-debug
[2148/2404] cxxprogram: build/src/core/examples/main-random-variable.cc.4.o -> build/src/core/examples/ns3.22-main-random-variable-debug
[2149/2404] cxxprogram: build/src/mobility/examples/ns2-mobility-trace.cc.5.o -> build/src/mobility/examples/ns3.22-ns2-mobility-trace-debug
[2150/2404] cxxprogram: build/src/mobility/examples/main-random-topology.cc.2.o -> build/src/mobility/examples/ns3.22-main-random-topology-debug
[2151/2404] cxxprogram: build/src/mobility/examples/bonnmotion-ns2-example.cc.6.o -> build/src/mobility/examples/ns3.22-bonnmotion-ns2-example-debug
[2152/2404] cxxshlib: build/src/spectrum/model/spectrum-model.cc.1.o build/src/spectrum/model/spectrum-value.cc.1.o build/src/spectrum/model/spectrum-converter.cc.1.o build/src/spectrum/model/spectrum-signal-parameters.cc.1.o build/src/spectrum/model/spectrum-propagation-loss-model.cc.1.o build/src/spectrum/model/friis-spectrum-propagation-loss.cc.1.o build/src/spectrum/model/constant-spectrum-propagation-loss.cc.1.o build/src/spectrum/model/spectrum-phy.cc.1.o build/src/spectrum/model/spectrum-channel.cc.1.o build/src/spectrum/model/single-model-spectrum-channel.cc.1.o build/src/spectrum/model/multi-model-spectrum-channel.cc.1.o build/src/spectrum/model/spectrum-interference.cc.1.o build/src/spectrum/model/spectrum-error-model.cc.1.o build/src/spectrum/model/spectrum-model-ism2400MHz-res1MHz.cc.1.o build/src/spectrum/model/spectrum-model-300kHz-300GHz-log.cc.1.o build/src/spectrum/model/wifi-spectrum-value-helper.cc.1.o build/src/spectrum/model/waveform-generator.cc.1.o build/src/spectrum/model/spectrum-analyzer.cc.1.o build/src/spectrum/model/aloha-noack-mac-header.cc.1.o build/src/spectrum/model/aloha-noack-net-device.cc.1.o build/src/spectrum/model/half-duplex-ideal-phy.cc.1.o build/src/spectrum/model/half-duplex-ideal-phy-signal-parameters.cc.1.o build/src/spectrum/model/non-communicating-net-device.cc.1.o build/src/spectrum/model/microwave-oven-spectrum-value-helper.cc.1.o build/src/spectrum/helper/spectrum-helper.cc.1.o build/src/spectrum/helper/adhoc-aloha-noack-ideal-phy-helper.cc.1.o build/src/spectrum/helper/waveform-generator-helper.cc.1.o build/src/spectrum/helper/spectrum-analyzer-helper.cc.1.o -> build/libns3.22-spectrum-debug.so
[2153/2404] cxxprogram: build/src/propagation/examples/jakes-propagation-model-example.cc.2.o -> build/src/propagation/examples/ns3.22-jakes-propagation-model-example-debug
[2154/2404] cxxshlib: build/src/buildings/model/building.cc.1.o build/src/buildings/model/building-list.cc.1.o build/src/buildings/model/mobility-building-info.cc.1.o build/src/buildings/model/itu-r-1238-propagation-loss-model.cc.1.o build/src/buildings/model/buildings-propagation-loss-model.cc.1.o build/src/buildings/model/hybrid-buildings-propagation-loss-model.cc.1.o build/src/buildings/model/oh-buildings-propagation-loss-model.cc.1.o build/src/buildings/helper/building-container.cc.1.o build/src/buildings/helper/building-position-allocator.cc.1.o build/src/buildings/helper/building-allocator.cc.1.o build/src/buildings/helper/buildings-helper.cc.1.o -> build/libns3.22-buildings-debug.so
[2155/2404] cxxprogram: build/src/propagation/examples/main-propagation-loss.cc.1.o -> build/src/propagation/examples/ns3.22-main-propagation-loss-debug
[2156/2404] cxxshlib: build/src/propagation/test/propagation-loss-model-test-suite.cc.3.o build/src/propagation/test/okumura-hata-test-suite.cc.3.o build/src/propagation/test/itu-r-1411-los-test-suite.cc.3.o build/src/propagation/test/kun-2600-mhz-test-suite.cc.3.o build/src/propagation/test/itu-r-1411-nlos-over-rooftop-test-suite.cc.3.o -> build/libns3.22-propagation-test-debug.so
[2157/2404] cxxshlib: build/src/wifi/model/wifi-information-element.cc.1.o build/src/wifi/model/wifi-information-element-vector.cc.1.o build/src/wifi/model/wifi-channel.cc.1.o build/src/wifi/model/wifi-mode.cc.1.o build/src/wifi/model/ssid.cc.1.o build/src/wifi/model/wifi-phy.cc.1.o build/src/wifi/model/wifi-phy-state-helper.cc.1.o build/src/wifi/model/error-rate-model.cc.1.o build/src/wifi/model/yans-error-rate-model.cc.1.o build/src/wifi/model/nist-error-rate-model.cc.1.o build/src/wifi/model/dsss-error-rate-model.cc.1.o build/src/wifi/model/interference-helper.cc.1.o build/src/wifi/model/yans-wifi-phy.cc.1.o build/src/wifi/model/yans-wifi-channel.cc.1.o build/src/wifi/model/wifi-mac-header.cc.1.o build/src/wifi/model/wifi-mac-trailer.cc.1.o build/src/wifi/model/mac-low.cc.1.o build/src/wifi/model/wifi-mac-queue.cc.1.o build/src/wifi/model/mac-tx-middle.cc.1.o build/src/wifi/model/mac-rx-middle.cc.1.o build/src/wifi/model/dca-txop.cc.1.o build/src/wifi/model/supported-rates.cc.1.o build/src/wifi/model/capability-information.cc.1.o build/src/wifi/model/status-code.cc.1.o build/src/wifi/model/mgt-headers.cc.1.o build/src/wifi/model/random-stream.cc.1.o build/src/wifi/model/dcf-manager.cc.1.o build/src/wifi/model/wifi-mac.cc.1.o build/src/wifi/model/regular-wifi-mac.cc.1.o build/src/wifi/model/wifi-remote-station-manager.cc.1.o build/src/wifi/model/ap-wifi-mac.cc.1.o build/src/wifi/model/sta-wifi-mac.cc.1.o build/src/wifi/model/adhoc-wifi-mac.cc.1.o build/src/wifi/model/wifi-net-device.cc.1.o build/src/wifi/model/arf-wifi-manager.cc.1.o build/src/wifi/model/aarf-wifi-manager.cc.1.o build/src/wifi/model/ideal-wifi-manager.cc.1.o build/src/wifi/model/constant-rate-wifi-manager.cc.1.o build/src/wifi/model/amrr-wifi-manager.cc.1.o build/src/wifi/model/onoe-wifi-manager.cc.1.o build/src/wifi/model/rraa-wifi-manager.cc.1.o build/src/wifi/model/aarfcd-wifi-manager.cc.1.o build/src/wifi/model/cara-wifi-manager.cc.1.o build/src/wifi/model/minstrel-wifi-manager.cc.1.o build/src/wifi/model/qos-tag.cc.1.o build/src/wifi/model/qos-utils.cc.1.o build/src/wifi/model/edca-txop-n.cc.1.o build/src/wifi/model/msdu-aggregator.cc.1.o build/src/wifi/model/amsdu-subframe-header.cc.1.o build/src/wifi/model/msdu-standard-aggregator.cc.1.o build/src/wifi/model/originator-block-ack-agreement.cc.1.o build/src/wifi/model/dcf.cc.1.o build/src/wifi/model/ctrl-headers.cc.1.o build/src/wifi/model/qos-blocked-destinations.cc.1.o build/src/wifi/model/block-ack-agreement.cc.1.o build/src/wifi/model/block-ack-manager.cc.1.o build/src/wifi/model/block-ack-cache.cc.1.o build/src/wifi/model/snr-tag.cc.1.o build/src/wifi/model/ht-capabilities.cc.1.o build/src/wifi/model/wifi-tx-vector.cc.1.o build/src/wifi/model/parf-wifi-manager.cc.1.o build/src/wifi/model/aparf-wifi-manager.cc.1.o build/src/wifi/model/ampdu-subframe-header.cc.1.o build/src/wifi/model/mpdu-aggregator.cc.1.o build/src/wifi/model/mpdu-standard-aggregator.cc.1.o build/src/wifi/model/ampdu-tag.cc.1.o build/src/wifi/helper/ht-wifi-mac-helper.cc.1.o build/src/wifi/helper/athstats-helper.cc.1.o build/src/wifi/helper/wifi-helper.cc.1.o build/src/wifi/helper/yans-wifi-helper.cc.1.o build/src/wifi/helper/nqos-wifi-mac-helper.cc.1.o build/src/wifi/helper/qos-wifi-mac-helper.cc.1.o -> build/libns3.22-wifi-debug.so
[2158/2404] cxxprogram: build/src/point-to-point/examples/main-attribute-value.cc.1.o -> build/src/point-to-point/examples/ns3.22-main-attribute-value-debug
[2159/2404] cxxshlib: build/src/point-to-point/test/point-to-point-test.cc.3.o -> build/libns3.22-point-to-point-test-debug.so
[2160/2404] cxxprogram: build/src/buildings/examples/buildings-pathloss-profiler.cc.1.o -> build/src/buildings/examples/ns3.22-buildings-pathloss-profiler-debug
[2161/2404] cxxshlib: build/src/buildings/test/buildings-helper-test.cc.3.o build/src/buildings/test/building-position-allocator-test.cc.3.o build/src/buildings/test/buildings-pathloss-test.cc.3.o build/src/buildings/test/buildings-shadowing-test.cc.3.o -> build/libns3.22-buildings-test-debug.so
[2162/2404] cxxshlib: build/src/lr-wpan/model/lr-wpan-error-model.cc.1.o build/src/lr-wpan/model/lr-wpan-interference-helper.cc.1.o build/src/lr-wpan/model/lr-wpan-phy.cc.1.o build/src/lr-wpan/model/lr-wpan-mac.cc.1.o build/src/lr-wpan/model/lr-wpan-mac-header.cc.1.o build/src/lr-wpan/model/lr-wpan-mac-trailer.cc.1.o build/src/lr-wpan/model/lr-wpan-csmaca.cc.1.o build/src/lr-wpan/model/lr-wpan-net-device.cc.1.o build/src/lr-wpan/model/lr-wpan-spectrum-value-helper.cc.1.o build/src/lr-wpan/model/lr-wpan-spectrum-signal-parameters.cc.1.o build/src/lr-wpan/model/lr-wpan-lqi-tag.cc.1.o build/src/lr-wpan/helper/lr-wpan-helper.cc.1.o -> build/libns3.22-lr-wpan-debug.so
[2163/2404] cxxshlib: build/src/spectrum/test/spectrum-interference-test.cc.3.o build/src/spectrum/test/spectrum-value-test.cc.3.o build/src/spectrum/test/spectrum-ideal-phy-test.cc.3.o build/src/spectrum/test/spectrum-waveform-generator-test.cc.3.o -> build/libns3.22-spectrum-test-debug.so
[2164/2404] cxxprogram: build/src/lr-wpan/examples/lr-wpan-packet-print.cc.1.o -> build/src/lr-wpan/examples/ns3.22-lr-wpan-packet-print-debug
[2165/2404] cxxprogram: build/src/lr-wpan/examples/lr-wpan-phy-test.cc.2.o -> build/src/lr-wpan/examples/ns3.22-lr-wpan-phy-test-debug
[2167/2404] cxxshlib: build/src/lr-wpan/test/lr-wpan-ack-test.cc.3.o build/src/lr-wpan/test/lr-wpan-cca-test.cc.3.o build/src/lr-wpan/test/lr-wpan-collision-test.cc.3.o build/src/lr-wpan/test/lr-wpan-ed-test.cc.3.o build/src/lr-wpan/test/lr-wpan-error-model-test.cc.3.o build/src/lr-wpan/test/lr-wpan-packet-test.cc.3.o build/src/lr-wpan/test/lr-wpan-pd-plme-sap-test.cc.3.o build/src/lr-wpan/test/lr-wpan-spectrum-value-helper-test.cc.3.o -> build/libns3.22-lr-wpan-test-debug.so
[2167/2404] cxxprogram: build/src/lr-wpan/examples/lr-wpan-error-distance-plot.cc.5.o -> build/src/lr-wpan/examples/ns3.22-lr-wpan-error-distance-plot-debug
[2168/2404] cxxprogram: build/src/lr-wpan/examples/lr-wpan-error-model-plot.cc.4.o -> build/src/lr-wpan/examples/ns3.22-lr-wpan-error-model-plot-debug
[2169/2404] cxxprogram: build/src/lr-wpan/examples/lr-wpan-data.cc.3.o -> build/src/lr-wpan/examples/ns3.22-lr-wpan-data-debug
[2170/2404] cxxshlib: build/src/energy/model/wifi-radio-energy-model.cc.1.o build/src/energy/model/energy-source.cc.1.o build/src/energy/model/basic-energy-source.cc.1.o build/src/energy/model/li-ion-energy-source.cc.1.o build/src/energy/model/rv-battery-model.cc.1.o build/src/energy/model/device-energy-model.cc.1.o build/src/energy/model/device-energy-model-container.cc.1.o build/src/energy/model/simple-device-energy-model.cc.1.o build/src/energy/model/energy-harvester.cc.1.o build/src/energy/model/basic-energy-harvester.cc.1.o build/src/energy/model/wifi-tx-current-model.cc.1.o build/src/energy/helper/energy-source-container.cc.1.o build/src/energy/helper/energy-model-helper.cc.1.o build/src/energy/helper/basic-energy-source-helper.cc.1.o build/src/energy/helper/wifi-radio-energy-model-helper.cc.1.o build/src/energy/helper/rv-battery-model-helper.cc.1.o build/src/energy/helper/energy-harvester-container.cc.1.o build/src/energy/helper/energy-harvester-helper.cc.1.o build/src/energy/helper/basic-energy-harvester-helper.cc.1.o -> build/libns3.22-energy-debug.so
[2171/2404] cxxshlib: build/src/wifi/test/block-ack-test-suite.cc.3.o build/src/wifi/test/dcf-manager-test.cc.3.o build/src/wifi/test/tx-duration-test.cc.3.o build/src/wifi/test/power-rate-adaptation-test.cc.3.o build/src/wifi/test/wifi-test.cc.3.o -> build/libns3.22-wifi-test-debug.so
[2173/2404] cxxprogram: build/examples/wireless/ofdm-validation.cc.13.o -> build/examples/wireless/ns3.22-ofdm-validation-debug
[2173/2404] cxxprogram: build/src/wifi/examples/wifi-phy-test.cc.1.o -> build/src/wifi/examples/ns3.22-wifi-phy-test-debug
[2174/2404] cxxprogram: build/examples/wireless/ofdm-ht-validation.cc.14.o -> build/examples/wireless/ns3.22-ofdm-ht-validation-debug
[2175/2404] cxxshlib: build/src/uan/model/uan-channel.cc.1.o build/src/uan/model/uan-phy-gen.cc.1.o build/src/uan/model/uan-mac.cc.1.o build/src/uan/model/uan-transducer.cc.1.o build/src/uan/model/uan-transducer-hd.cc.1.o build/src/uan/model/uan-address.cc.1.o build/src/uan/model/uan-net-device.cc.1.o build/src/uan/model/uan-tx-mode.cc.1.o build/src/uan/model/uan-prop-model.cc.1.o build/src/uan/model/uan-prop-model-ideal.cc.1.o build/src/uan/model/uan-mac-aloha.cc.1.o build/src/uan/model/uan-header-common.cc.1.o build/src/uan/model/uan-noise-model-default.cc.1.o build/src/uan/model/uan-mac-cw.cc.1.o build/src/uan/model/uan-prop-model-thorp.cc.1.o build/src/uan/model/uan-phy-dual.cc.1.o build/src/uan/model/uan-header-rc.cc.1.o build/src/uan/model/uan-mac-rc.cc.1.o build/src/uan/model/uan-mac-rc-gw.cc.1.o build/src/uan/model/uan-phy.cc.1.o build/src/uan/model/uan-noise-model.cc.1.o build/src/uan/model/acoustic-modem-energy-model.cc.1.o build/src/uan/helper/uan-helper.cc.1.o build/src/uan/helper/acoustic-modem-energy-model-helper.cc.1.o -> build/libns3.22-uan-debug.so
[2176/2404] cxxshlib: build/src/energy/test/basic-energy-model-test.cc.3.o build/src/energy/test/rv-battery-model-test.cc.3.o build/src/energy/test/li-ion-energy-source-test.cc.3.o build/src/energy/test/basic-energy-harvester-test.cc.3.o -> build/libns3.22-energy-test-debug.so
[2177/2404] cxxprogram: build/src/energy/examples/li-ion-energy-source.cc.1.o -> build/src/energy/examples/ns3.22-li-ion-energy-source-debug
[2178/2404] cxxprogram: build/examples/socket/socket-options-ipv4.cc.3.o -> build/examples/socket/ns3.22-socket-options-ipv4-debug
[2179/2404] cxxshlib: build/src/dsdv/model/dsdv-rtable.cc.1.o build/src/dsdv/model/dsdv-packet-queue.cc.1.o build/src/dsdv/model/dsdv-packet.cc.1.o build/src/dsdv/model/dsdv-routing-protocol.cc.1.o build/src/dsdv/helper/dsdv-helper.cc.1.o -> build/libns3.22-dsdv-debug.so
[2180/2404] cxxshlib: build/src/internet/test/global-route-manager-impl-test-suite.cc.3.o build/src/internet/test/ipv4-address-generator-test-suite.cc.3.o build/src/internet/test/ipv4-address-helper-test-suite.cc.3.o build/src/internet/test/ipv4-list-routing-test-suite.cc.3.o build/src/internet/test/ipv4-packet-info-tag-test-suite.cc.3.o build/src/internet/test/ipv4-raw-test.cc.3.o build/src/internet/test/ipv4-header-test.cc.3.o build/src/internet/test/ipv4-fragmentation-test.cc.3.o build/src/internet/test/ipv4-forwarding-test.cc.3.o build/src/internet/test/error-channel.cc.3.o build/src/internet/test/ipv4-test.cc.3.o build/src/internet/test/ipv4-static-routing-test-suite.cc.3.o build/src/internet/test/ipv4-global-routing-test-suite.cc.3.o build/src/internet/test/ipv6-extension-header-test-suite.cc.3.o build/src/internet/test/ipv6-list-routing-test-suite.cc.3.o build/src/internet/test/ipv6-packet-info-tag-test-suite.cc.3.o build/src/internet/test/ipv6-test.cc.3.o build/src/internet/test/ipv6-raw-test.cc.3.o build/src/internet/test/tcp-test.cc.3.o build/src/internet/test/tcp-timestamp-test.cc.3.o build/src/internet/test/tcp-wscaling-test.cc.3.o build/src/internet/test/tcp-option-test.cc.3.o build/src/internet/test/tcp-header-test.cc.3.o build/src/internet/test/udp-test.cc.3.o build/src/internet/test/ipv6-address-generator-test-suite.cc.3.o build/src/internet/test/ipv6-dual-stack-test-suite.cc.3.o build/src/internet/test/ipv6-fragmentation-test.cc.3.o build/src/internet/test/ipv6-forwarding-test.cc.3.o build/src/internet/test/ipv6-ripng-test.cc.3.o build/src/internet/test/ipv6-address-helper-test-suite.cc.3.o build/src/internet/test/rtt-test.cc.3.o build/src/internet/test/codel-queue-test-suite.cc.3.o -> build/libns3.22-internet-test-debug.so
[2183/2404] cxxshlib: build/src/applications/model/bulk-send-application.cc.1.o build/src/applications/model/onoff-application.cc.1.o build/src/applications/model/packet-sink.cc.1.o build/src/applications/model/ping6.cc.1.o build/src/applications/model/radvd.cc.1.o build/src/applications/model/radvd-interface.cc.1.o build/src/applications/model/radvd-prefix.cc.1.o build/src/applications/model/udp-client.cc.1.o build/src/applications/model/udp-server.cc.1.o build/src/applications/model/seq-ts-header.cc.1.o build/src/applications/model/udp-trace-client.cc.1.o build/src/applications/model/packet-loss-counter.cc.1.o build/src/applications/model/udp-echo-client.cc.1.o build/src/applications/model/udp-echo-server.cc.1.o build/src/applications/model/v4ping.cc.1.o build/src/applications/model/application-packet-probe.cc.1.o build/src/applications/helper/bulk-send-helper.cc.1.o build/src/applications/helper/on-off-helper.cc.1.o build/src/applications/helper/packet-sink-helper.cc.1.o build/src/applications/helper/ping6-helper.cc.1.o build/src/applications/helper/udp-client-server-helper.cc.1.o build/src/applications/helper/udp-echo-helper.cc.1.o build/src/applications/helper/v4ping-helper.cc.1.o build/src/applications/helper/radvd-helper.cc.1.o -> build/libns3.22-applications-debug.so
[2183/2404] cxxprogram: build/examples/energy/energy-model-with-harvesting-example.cc.2.o -> build/examples/energy/ns3.22-energy-model-with-harvesting-example-debug
[2183/2404] cxxprogram: build/examples/socket/socket-options-ipv6.cc.4.o -> build/examples/socket/ns3.22-socket-options-ipv6-debug
[2184/2404] cxxprogram: build/examples/wireless/wifi-simple-interference.cc.11.o -> build/examples/wireless/ns3.22-wifi-simple-interference-debug
[2185/2404] cxxprogram: build/examples/ipv6/test-ipv6.cc.5.o -> build/examples/ipv6/ns3.22-test-ipv6-debug
[2186/2404] cxxshlib: build/src/point-to-point-layout/model/point-to-point-dumbbell.cc.1.o build/src/point-to-point-layout/model/point-to-point-grid.cc.1.o build/src/point-to-point-layout/model/point-to-point-star.cc.1.o -> build/libns3.22-point-to-point-layout-debug.so
[2187/2404] cxxshlib: build/src/sixlowpan/model/sixlowpan-net-device.cc.1.o build/src/sixlowpan/model/sixlowpan-header.cc.1.o build/src/sixlowpan/helper/sixlowpan-helper.cc.1.o -> build/libns3.22-sixlowpan-debug.so
[2190/2404] cxxshlib: build/src/wimax/model/cid.cc.1.o build/src/wimax/model/cid-factory.cc.1.o build/src/wimax/model/wimax-net-device.cc.1.o build/src/wimax/model/bs-net-device.cc.1.o build/src/wimax/model/ss-net-device.cc.1.o build/src/wimax/model/wimax-mac-header.cc.1.o build/src/wimax/model/wimax-phy.cc.1.o build/src/wimax/model/wimax-channel.cc.1.o build/src/wimax/model/ofdm-downlink-frame-prefix.cc.1.o build/src/wimax/model/wimax-connection.cc.1.o build/src/wimax/model/ss-record.cc.1.o build/src/wimax/model/mac-messages.cc.1.o build/src/wimax/model/dl-mac-messages.cc.1.o build/src/wimax/model/ul-mac-messages.cc.1.o build/src/wimax/model/simple-ofdm-wimax-phy.cc.1.o build/src/wimax/model/simple-ofdm-wimax-channel.cc.1.o build/src/wimax/model/send-params.cc.1.o build/src/wimax/model/ss-manager.cc.1.o build/src/wimax/model/connection-manager.cc.1.o build/src/wimax/model/bs-uplink-scheduler.cc.1.o build/src/wimax/model/bs-uplink-scheduler-simple.cc.1.o build/src/wimax/model/bs-uplink-scheduler-mbqos.cc.1.o build/src/wimax/model/bs-uplink-scheduler-rtps.cc.1.o build/src/wimax/model/bs-scheduler.cc.1.o build/src/wimax/model/bs-scheduler-simple.cc.1.o build/src/wimax/model/bs-scheduler-rtps.cc.1.o build/src/wimax/model/wimax-mac-queue.cc.1.o build/src/wimax/model/burst-profile-manager.cc.1.o build/src/wimax/model/ss-scheduler.cc.1.o build/src/wimax/model/service-flow.cc.1.o build/src/wimax/model/service-flow-manager.cc.1.o build/src/wimax/model/service-flow-record.cc.1.o build/src/wimax/model/ss-link-manager.cc.1.o build/src/wimax/model/bs-link-manager.cc.1.o build/src/wimax/model/bandwidth-manager.cc.1.o build/src/wimax/model/crc8.cc.1.o build/src/wimax/model/ul-job.cc.1.o build/src/wimax/model/snr-to-block-error-rate-record.cc.1.o build/src/wimax/model/snr-to-block-error-rate-manager.cc.1.o build/src/wimax/model/simple-ofdm-send-param.cc.1.o build/src/wimax/model/ss-service-flow-manager.cc.1.o build/src/wimax/model/bs-service-flow-manager.cc.1.o build/src/wimax/model/ipcs-classifier.cc.1.o build/src/wimax/model/ipcs-classifier-record.cc.1.o build/src/wimax/model/wimax-tlv.cc.1.o build/src/wimax/model/cs-parameters.cc.1.o build/src/wimax/model/wimax-mac-to-mac-header.cc.1.o build/src/wimax/helper/wimax-helper.cc.1.o -> build/libns3.22-wimax-debug.so
[2189/2404] cxxprogram: build/examples/wireless/wifi-simple-adhoc.cc.8.o -> build/examples/wireless/ns3.22-wifi-simple-adhoc-debug
[2190/2404] cxxprogram: build/examples/stats/wifi-example-sim.cc.1.o build/examples/stats/wifi-example-apps.cc.1.o -> build/examples/stats/ns3.22-wifi-example-sim-debug
[2191/2404] cxxshlib: build/src/flow-monitor/model/flow-monitor.cc.1.o build/src/flow-monitor/model/flow-classifier.cc.1.o build/src/flow-monitor/model/flow-probe.cc.1.o build/src/flow-monitor/model/ipv4-flow-classifier.cc.1.o build/src/flow-monitor/model/ipv4-flow-probe.cc.1.o build/src/flow-monitor/model/ipv6-flow-classifier.cc.1.o build/src/flow-monitor/model/ipv6-flow-probe.cc.1.o build/src/flow-monitor/model/histogram.cc.1.o build/src/flow-monitor/helper/flow-monitor-helper.cc.1.o -> build/libns3.22-flow-monitor-debug.so
[2192/2404] cxxshlib: build/src/dsr/model/dsr-routing.cc.1.o build/src/dsr/model/dsr-options.cc.1.o build/src/dsr/model/dsr-fs-header.cc.1.o build/src/dsr/model/dsr-option-header.cc.1.o build/src/dsr/model/dsr-maintain-buff.cc.1.o build/src/dsr/model/dsr-passive-buff.cc.1.o build/src/dsr/model/dsr-rsendbuff.cc.1.o build/src/dsr/model/dsr-rcache.cc.1.o build/src/dsr/model/dsr-rreq-table.cc.1.o build/src/dsr/model/dsr-gratuitous-reply-table.cc.1.o build/src/dsr/model/dsr-errorbuff.cc.1.o build/src/dsr/model/dsr-network-queue.cc.1.o build/src/dsr/helper/dsr-helper.cc.1.o build/src/dsr/helper/dsr-main-helper.cc.1.o -> build/libns3.22-dsr-debug.so
[2193/2404] cxxprogram: build/examples/socket/socket-bound-static-routing.cc.1.o -> build/examples/socket/ns3.22-socket-bound-static-routing-debug
[2194/2404] cxxshlib: build/src/tap-bridge/model/tap-bridge.cc.1.o build/src/tap-bridge/model/tap-encode-decode.cc.1.o build/src/tap-bridge/helper/tap-bridge-helper.cc.1.o -> build/libns3.22-tap-bridge-debug.so
[2195/2404] cxxshlib: build/src/nix-vector-routing/model/ipv4-nix-vector-routing.cc.1.o build/src/nix-vector-routing/helper/ipv4-nix-vector-helper.cc.1.o -> build/libns3.22-nix-vector-routing-debug.so
[2196/2404] cxxprogram: build/examples/wireless/wifi-simple-infra.cc.10.o -> build/examples/wireless/ns3.22-wifi-simple-infra-debug
[2197/2404] cxxshlib: build/src/csma-layout/model/csma-star-helper.cc.1.o -> build/libns3.22-csma-layout-debug.so
[2198/2404] cxxprogram: build/examples/energy/energy-model-example.cc.1.o -> build/examples/energy/ns3.22-energy-model-example-debug
[2199/2404] cxxprogram: build/examples/wireless/wifi-clear-channel-cmu.cc.3.o -> build/examples/wireless/ns3.22-wifi-clear-channel-cmu-debug
[2200/2404] cxxshlib: build/src/dsdv/test/dsdv-testcase.cc.3.o -> build/libns3.22-dsdv-test-debug.so
[2201/2404] cxxshlib: build/src/uan/test/uan-test.cc.3.o build/src/uan/test/uan-energy-model-test.cc.3.o -> build/libns3.22-uan-test-debug.so
[2203/2404] cxxprogram: build/examples/routing/global-injection-slash32.cc.4.o -> build/examples/routing/ns3.22-global-injection-slash32-debug
[2203/2404] cxxprogram: build/src/csma/examples/csma-packet-socket.cc.3.o -> build/src/csma/examples/ns3.22-csma-packet-socket-debug
[2204/2404] cxxprogram: build/examples/tutorial/seventh.cc.8.o -> build/examples/tutorial/ns3.22-seventh-debug
[2205/2404] cxxprogram: build/src/spectrum/examples/adhoc-aloha-ideal-phy.cc.1.o -> build/src/spectrum/examples/ns3.22-adhoc-aloha-ideal-phy-debug
[2206/2404] cxxprogram: build/src/spectrum/examples/adhoc-aloha-ideal-phy-with-microwave-oven.cc.3.o -> build/src/spectrum/examples/ns3.22-adhoc-aloha-ideal-phy-with-microwave-oven-debug
[2207/2404] cxxprogram: build/examples/error-model/simple-error-model.cc.1.o -> build/examples/error-model/ns3.22-simple-error-model-debug
[2208/2404] cxxprogram: build/examples/wireless/ht-wifi-network.cc.16.o -> build/examples/wireless/ns3.22-ht-wifi-network-debug
[2209/2404] cxxprogram: build/examples/udp-client-server/udp-client-server.cc.1.o -> build/examples/udp-client-server/ns3.22-udp-client-server-debug
[2210/2404] cxxprogram: build/examples/udp/udp-echo.cc.1.o -> build/examples/udp/ns3.22-udp-echo-debug
[2211/2404] cxxprogram: build/src/internet/examples/main-simple.cc.1.o -> build/src/internet/examples/ns3.22-main-simple-debug
[2212/2404] cxxshlib: build/src/applications/test/udp-client-server-test.cc.3.o -> build/libns3.22-applications-test-debug.so
[2213/2404] cxxprogram: build/src/csma/examples/csma-broadcast.cc.2.o -> build/src/csma/examples/ns3.22-csma-broadcast-debug
[2214/2404] cxxprogram: build/examples/tcp/tcp-star-server.cc.4.o -> build/examples/tcp/ns3.22-tcp-star-server-debug
[2215/2404] cxxprogram: build/src/fd-net-device/examples/realtime-fd2fd-onoff.cc.4.o -> build/src/fd-net-device/examples/ns3.22-realtime-fd2fd-onoff-debug
[2216/2404] cxxprogram: build/examples/socket/socket-bound-tcp-static-routing.cc.2.o -> build/examples/socket/ns3.22-socket-bound-tcp-static-routing-debug
[2217/2404] cxxprogram: build/examples/wireless/wifi-blockack.cc.12.o -> build/examples/wireless/ns3.22-wifi-blockack-debug
[2218/2404] cxxprogram: build/src/uan/examples/uan-rc-example.cc.2.o -> build/src/uan/examples/ns3.22-uan-rc-example-debug
[2219/2404] cxxprogram: build/examples/tutorial/first.cc.2.o -> build/examples/tutorial/ns3.22-first-debug
[2220/2404] cxxprogram: build/examples/tutorial/third.cc.4.o -> build/examples/tutorial/ns3.22-third-debug
[2221/2404] cxxprogram: build/examples/ipv6/ping6.cc.2.o -> build/examples/ipv6/ns3.22-ping6-debug
[2222/2404] cxxprogram: build/src/bridge/examples/csma-bridge.cc.1.o -> build/src/bridge/examples/ns3.22-csma-bridge-debug
[2223/2404] cxxprogram: build/examples/tutorial/fifth.cc.6.o -> build/examples/tutorial/ns3.22-fifth-debug
[2224/2404] cxxprogram: build/src/dsdv/examples/dsdv-manet.cc.1.o -> build/src/dsdv/examples/ns3.22-dsdv-manet-debug
[2225/2404] cxxprogram: build/src/csma/examples/csma-multicast.cc.4.o -> build/src/csma/examples/ns3.22-csma-multicast-debug
[2226/2404] cxxprogram: build/examples/wireless/simple-mpdu-aggregation.cc.22.o -> build/examples/wireless/ns3.22-simple-mpdu-aggregation-debug
[2227/2404] cxxshlib: build/src/aodv/model/aodv-id-cache.cc.1.o build/src/aodv/model/aodv-dpd.cc.1.o build/src/aodv/model/aodv-rtable.cc.1.o build/src/aodv/model/aodv-rqueue.cc.1.o build/src/aodv/model/aodv-packet.cc.1.o build/src/aodv/model/aodv-neighbor.cc.1.o build/src/aodv/model/aodv-routing-protocol.cc.1.o build/src/aodv/helper/aodv-helper.cc.1.o -> build/libns3.22-aodv-debug.so
[2228/2404] cxxprogram: build/examples/tutorial/sixth.cc.7.o -> build/examples/tutorial/ns3.22-sixth-debug
[2230/2404] cxxprogram: build/src/fd-net-device/examples/fd-emu-ping.cc.5.o -> build/src/fd-net-device/examples/ns3.22-fd-emu-ping-debug
[2230/2404] cxxprogram: build/src/fd-net-device/examples/fd-emu-onoff.cc.7.o -> build/src/fd-net-device/examples/ns3.22-fd-emu-onoff-debug
[2231/2404] cxxprogram: build/examples/wireless/wifi-ap.cc.4.o -> build/examples/wireless/ns3.22-wifi-ap-debug
[2232/2404] cxxprogram: build/src/fd-net-device/examples/fd-emu-udp-echo.cc.6.o -> build/src/fd-net-device/examples/ns3.22-fd-emu-udp-echo-debug
[2233/2404] cxxprogram: build/src/network/examples/droptail_vs_red.cc.4.o -> build/src/network/examples/ns3.22-droptail_vs_red-debug
[2234/2404] cxxprogram: build/examples/routing/dynamic-global-routing.cc.1.o -> build/examples/routing/ns3.22-dynamic-global-routing-debug
[2235/2404] cxxprogram: build/examples/naming/object-names.cc.1.o -> build/examples/naming/ns3.22-object-names-debug
[2236/2404] cxxprogram: build/examples/routing/ripng-simple-network.cc.10.o -> build/examples/routing/ns3.22-ripng-simple-network-debug
[2237/2404] cxxprogram: build/src/internet/examples/codel-vs-droptail-asymmetric.cc.3.o -> build/src/internet/examples/ns3.22-codel-vs-droptail-asymmetric-debug
[2238/2404] cxxprogram: build/src/fd-net-device/examples/fd-tap-ping.cc.8.o -> build/src/fd-net-device/examples/ns3.22-fd-tap-ping-debug
[2239/2404] cxxprogram: build/examples/udp-client-server/udp-trace-client-server.cc.2.o -> build/examples/udp-client-server/ns3.22-udp-trace-client-server-debug
[2240/2404] cxxprogram: build/examples/tcp/tcp-nsc-zoo.cc.3.o -> build/examples/tcp/ns3.22-tcp-nsc-zoo-debug
[2241/2404] cxxprogram: build/examples/ipv6/radvd.cc.3.o -> build/examples/ipv6/ns3.22-radvd-debug
[2242/2404] cxxprogram: build/src/virtual-net-device/examples/virtual-net-device.cc.1.o -> build/src/virtual-net-device/examples/ns3.22-virtual-net-device-debug
[2243/2404] cxxshlib: build/src/mesh/model/mesh-information-element-vector.cc.1.o build/src/mesh/model/mesh-point-device.cc.1.o build/src/mesh/model/mesh-l2-routing-protocol.cc.1.o build/src/mesh/model/mesh-wifi-beacon.cc.1.o build/src/mesh/model/mesh-wifi-interface-mac.cc.1.o build/src/mesh/model/dot11s/ie-dot11s-beacon-timing.cc.1.o build/src/mesh/model/dot11s/ie-dot11s-configuration.cc.1.o build/src/mesh/model/dot11s/ie-dot11s-id.cc.1.o build/src/mesh/model/dot11s/ie-dot11s-peer-management.cc.1.o build/src/mesh/model/dot11s/ie-dot11s-preq.cc.1.o build/src/mesh/model/dot11s/ie-dot11s-prep.cc.1.o build/src/mesh/model/dot11s/ie-dot11s-perr.cc.1.o build/src/mesh/model/dot11s/ie-dot11s-rann.cc.1.o build/src/mesh/model/dot11s/ie-dot11s-peering-protocol.cc.1.o build/src/mesh/model/dot11s/ie-dot11s-metric-report.cc.1.o build/src/mesh/model/dot11s/dot11s-mac-header.cc.1.o build/src/mesh/model/dot11s/peer-link-frame.cc.1.o build/src/mesh/model/dot11s/peer-link.cc.1.o build/src/mesh/model/dot11s/peer-management-protocol-mac.cc.1.o build/src/mesh/model/dot11s/peer-management-protocol.cc.1.o build/src/mesh/model/dot11s/hwmp-tag.cc.1.o build/src/mesh/model/dot11s/hwmp-rtable.cc.1.o build/src/mesh/model/dot11s/hwmp-protocol-mac.cc.1.o build/src/mesh/model/dot11s/hwmp-protocol.cc.1.o build/src/mesh/model/dot11s/airtime-metric.cc.1.o build/src/mesh/model/flame/flame-header.cc.1.o build/src/mesh/model/flame/flame-rtable.cc.1.o build/src/mesh/model/flame/flame-protocol-mac.cc.1.o build/src/mesh/model/flame/flame-protocol.cc.1.o build/src/mesh/helper/mesh-helper.cc.1.o build/src/mesh/helper/dot11s/dot11s-installer.cc.1.o build/src/mesh/helper/flame/flame-installer.cc.1.o -> build/libns3.22-mesh-debug.so
[2244/2404] cxxprogram: build/examples/tutorial/second.cc.3.o -> build/examples/tutorial/ns3.22-second-debug
[2245/2404] cxxprogram: build/examples/ipv6/loose-routing-ipv6.cc.8.o -> build/examples/ipv6/ns3.22-loose-routing-ipv6-debug
[2246/2404] cxxprogram: build/examples/routing/mixed-global-routing.cc.7.o -> build/examples/routing/ns3.22-mixed-global-routing-debug
[2247/2404] cxxprogram: build/examples/realtime/realtime-udp-echo.cc.1.o -> build/examples/realtime/ns3.22-realtime-udp-echo-debug
[2248/2404] cxxprogram: build/examples/routing/simple-routing-ping6.cc.8.o -> build/examples/routing/ns3.22-simple-routing-ping6-debug
[2249/2404] cxxshlib: build/src/lte/model/lte-common.cc.1.o build/src/lte/model/lte-spectrum-phy.cc.1.o build/src/lte/model/lte-spectrum-signal-parameters.cc.1.o build/src/lte/model/lte-phy.cc.1.o build/src/lte/model/lte-enb-phy.cc.1.o build/src/lte/model/lte-ue-phy.cc.1.o build/src/lte/model/lte-spectrum-value-helper.cc.1.o build/src/lte/model/lte-amc.cc.1.o build/src/lte/model/lte-enb-rrc.cc.1.o build/src/lte/model/lte-ue-rrc.cc.1.o build/src/lte/model/lte-rrc-sap.cc.1.o build/src/lte/model/lte-rrc-protocol-ideal.cc.1.o build/src/lte/model/lte-rrc-protocol-real.cc.1.o build/src/lte/model/lte-rlc-sap.cc.1.o build/src/lte/model/lte-rlc.cc.1.o build/src/lte/model/lte-rlc-sequence-number.cc.1.o build/src/lte/model/lte-rlc-header.cc.1.o build/src/lte/model/lte-rlc-am-header.cc.1.o build/src/lte/model/lte-rlc-tm.cc.1.o build/src/lte/model/lte-rlc-um.cc.1.o build/src/lte/model/lte-rlc-am.cc.1.o build/src/lte/model/lte-rlc-tag.cc.1.o build/src/lte/model/lte-rlc-sdu-status-tag.cc.1.o build/src/lte/model/lte-pdcp-sap.cc.1.o build/src/lte/model/lte-pdcp.cc.1.o build/src/lte/model/lte-pdcp-header.cc.1.o build/src/lte/model/lte-pdcp-tag.cc.1.o build/src/lte/model/eps-bearer.cc.1.o build/src/lte/model/lte-radio-bearer-info.cc.1.o build/src/lte/model/lte-net-device.cc.1.o build/src/lte/model/lte-enb-net-device.cc.1.o build/src/lte/model/lte-ue-net-device.cc.1.o build/src/lte/model/lte-control-messages.cc.1.o build/src/lte/helper/lte-helper.cc.1.o build/src/lte/helper/lte-stats-calculator.cc.1.o build/src/lte/helper/epc-helper.cc.1.o build/src/lte/helper/point-to-point-epc-helper.cc.1.o build/src/lte/helper/radio-bearer-stats-calculator.cc.1.o build/src/lte/helper/radio-bearer-stats-connector.cc.1.o build/src/lte/helper/phy-stats-calculator.cc.1.o build/src/lte/helper/mac-stats-calculator.cc.1.o build/src/lte/helper/phy-tx-stats-calculator.cc.1.o build/src/lte/helper/phy-rx-stats-calculator.cc.1.o build/src/lte/helper/radio-environment-map-helper.cc.1.o build/src/lte/helper/lte-hex-grid-enb-topology-helper.cc.1.o build/src/lte/helper/lte-global-pathloss-database.cc.1.o build/src/lte/model/rem-spectrum-phy.cc.1.o build/src/lte/model/ff-mac-common.cc.1.o build/src/lte/model/ff-mac-csched-sap.cc.1.o build/src/lte/model/ff-mac-sched-sap.cc.1.o build/src/lte/model/lte-mac-sap.cc.1.o build/src/lte/model/ff-mac-scheduler.cc.1.o build/src/lte/model/lte-enb-cmac-sap.cc.1.o build/src/lte/model/lte-ue-cmac-sap.cc.1.o build/src/lte/model/rr-ff-mac-scheduler.cc.1.o build/src/lte/model/lte-enb-mac.cc.1.o build/src/lte/model/lte-ue-mac.cc.1.o build/src/lte/model/lte-radio-bearer-tag.cc.1.o build/src/lte/model/eps-bearer-tag.cc.1.o build/src/lte/model/lte-phy-tag.cc.1.o build/src/lte/model/lte-enb-phy-sap.cc.1.o build/src/lte/model/lte-enb-cphy-sap.cc.1.o build/src/lte/model/lte-ue-phy-sap.cc.1.o build/src/lte/model/lte-ue-cphy-sap.cc.1.o build/src/lte/model/lte-interference.cc.1.o build/src/lte/model/lte-chunk-processor.cc.1.o build/src/lte/model/pf-ff-mac-scheduler.cc.1.o build/src/lte/model/fdmt-ff-mac-scheduler.cc.1.o build/src/lte/model/tdmt-ff-mac-scheduler.cc.1.o build/src/lte/model/tta-ff-mac-scheduler.cc.1.o build/src/lte/model/fdbet-ff-mac-scheduler.cc.1.o build/src/lte/model/tdbet-ff-mac-scheduler.cc.1.o build/src/lte/model/fdtbfq-ff-mac-scheduler.cc.1.o build/src/lte/model/tdtbfq-ff-mac-scheduler.cc.1.o build/src/lte/model/pss-ff-mac-scheduler.cc.1.o build/src/lte/model/cqa-ff-mac-scheduler.cc.1.o build/src/lte/model/epc-gtpu-header.cc.1.o build/src/lte/model/trace-fading-loss-model.cc.1.o build/src/lte/model/epc-enb-application.cc.1.o build/src/lte/model/epc-sgw-pgw-application.cc.1.o build/src/lte/model/epc-x2-sap.cc.1.o build/src/lte/model/epc-x2-header.cc.1.o build/src/lte/model/epc-x2.cc.1.o build/src/lte/model/epc-tft.cc.1.o build/src/lte/model/epc-tft-classifier.cc.1.o build/src/lte/model/lte-mi-error-model.cc.1.o build/src/lte/model/lte-vendor-specific-parameters.cc.1.o build/src/lte/model/epc-enb-s1-sap.cc.1.o build/src/lte/model/epc-s1ap-sap.cc.1.o build/src/lte/model/epc-s11-sap.cc.1.o build/src/lte/model/lte-as-sap.cc.1.o build/src/lte/model/epc-ue-nas.cc.1.o build/src/lte/model/lte-harq-phy.cc.1.o build/src/lte/model/epc-mme.cc.1.o build/src/lte/model/lte-asn1-header.cc.1.o build/src/lte/model/lte-rrc-header.cc.1.o build/src/lte/model/lte-handover-management-sap.cc.1.o build/src/lte/model/lte-handover-algorithm.cc.1.o build/src/lte/model/a2-a4-rsrq-handover-algorithm.cc.1.o build/src/lte/model/a3-rsrp-handover-algorithm.cc.1.o build/src/lte/model/no-op-handover-algorithm.cc.1.o build/src/lte/model/lte-anr-sap.cc.1.o build/src/lte/model/lte-anr.cc.1.o build/src/lte/model/lte-ffr-algorithm.cc.1.o build/src/lte/model/lte-ffr-sap.cc.1.o build/src/lte/model/lte-ffr-rrc-sap.cc.1.o build/src/lte/model/lte-fr-no-op-algorithm.cc.1.o build/src/lte/model/lte-fr-hard-algorithm.cc.1.o build/src/lte/model/lte-fr-strict-algorithm.cc.1.o build/src/lte/model/lte-fr-soft-algorithm.cc.1.o build/src/lte/model/lte-ffr-soft-algorithm.cc.1.o build/src/lte/model/lte-ffr-enhanced-algorithm.cc.1.o build/src/lte/model/lte-ffr-distributed-algorithm.cc.1.o build/src/lte/model/lte-ue-power-control.cc.1.o build/src/lte/helper/emu-epc-helper.cc.1.o -> build/libns3.22-lte-debug.so
[2250/2404] cxxprogram: build/examples/tcp/tcp-large-transfer.cc.1.o -> build/examples/tcp/ns3.22-tcp-large-transfer-debug
[2251/2404] cxxshlib: build/src/wave/model/wave-mac-low.cc.1.o build/src/wave/model/ocb-wifi-mac.cc.1.o build/src/wave/model/vendor-specific-action.cc.1.o build/src/wave/model/channel-coordinator.cc.1.o build/src/wave/model/channel-scheduler.cc.1.o build/src/wave/model/default-channel-scheduler.cc.1.o build/src/wave/model/channel-manager.cc.1.o build/src/wave/model/vsa-manager.cc.1.o build/src/wave/model/bsm-application.cc.1.o build/src/wave/model/higher-tx-tag.cc.1.o build/src/wave/model/wave-net-device.cc.1.o build/src/wave/helper/wave-bsm-stats.cc.1.o build/src/wave/helper/wave-mac-helper.cc.1.o build/src/wave/helper/wave-helper.cc.1.o build/src/wave/helper/wifi-80211p-helper.cc.1.o build/src/wave/helper/wave-bsm-helper.cc.1.o -> build/libns3.22-wave-debug.so
[2252/2404] cxxprogram: build/examples/wireless/wifi-timing-attributes.cc.17.o -> build/examples/wireless/ns3.22-wifi-timing-attributes-debug
[2253/2404] cxxprogram: build/examples/ipv6/radvd-two-prefix.cc.4.o -> build/examples/ipv6/ns3.22-radvd-two-prefix-debug
[2254/2404] cxxprogram: build/src/fd-net-device/examples/fd2fd-onoff.cc.2.o -> build/src/fd-net-device/examples/ns3.22-fd2fd-onoff-debug
[2255/2404] cxxprogram: build/examples/routing/simple-alternate-routing.cc.6.o -> build/examples/routing/ns3.22-simple-alternate-routing-debug
[2256/2404] cxxprogram: build/src/uan/examples/uan-cw-example.cc.1.o -> build/src/uan/examples/ns3.22-uan-cw-example-debug
[2257/2404] cxxprogram: build/examples/ipv6/fragmentation-ipv6-two-MTU.cc.7.o -> build/examples/ipv6/ns3.22-fragmentation-ipv6-two-MTU-debug
[2258/2404] cxxprogram: build/examples/ipv6/icmpv6-redirect.cc.1.o -> build/examples/ipv6/ns3.22-icmpv6-redirect-debug
[2259/2404] cxxshlib: build/src/olsr/model/olsr-header.cc.1.o build/src/olsr/model/olsr-state.cc.1.o build/src/olsr/model/olsr-routing-protocol.cc.1.o build/src/olsr/helper/olsr-helper.cc.1.o -> build/libns3.22-olsr-debug.so
[2260/2404] cxxprogram: build/examples/ipv6/fragmentation-ipv6.cc.6.o -> build/examples/ipv6/ns3.22-fragmentation-ipv6-debug
[2261/2404] cxxprogram: build/src/bridge/examples/csma-bridge-one-hop.cc.2.o -> build/src/bridge/examples/ns3.22-csma-bridge-one-hop-debug
[2262/2404] cxxprogram: build/examples/wireless/simple-msdu-aggregation.cc.6.o -> build/examples/wireless/ns3.22-simple-msdu-aggregation-debug
[2263/2404] cxxprogram: build/examples/routing/global-routing-slash32.cc.3.o -> build/examples/routing/ns3.22-global-routing-slash32-debug
[2264/2404] cxxprogram: build/src/internet/examples/codel-vs-droptail-basic-test.cc.2.o -> build/src/internet/examples/ns3.22-codel-vs-droptail-basic-test-debug
[2265/2404] cxxprogram: build/src/fd-net-device/examples/dummy-network.cc.1.o -> build/src/fd-net-device/examples/ns3.22-dummy-network-debug
[2266/2404] cxxprogram: build/examples/wireless/wifi-wired-bridging.cc.5.o -> build/examples/wireless/ns3.22-wifi-wired-bridging-debug
[2267/2404] cxxprogram: build/examples/wireless/wifi-adhoc.cc.2.o -> build/examples/wireless/ns3.22-wifi-adhoc-debug
[2268/2404] cxxprogram: build/src/fd-net-device/examples/realtime-dummy-network.cc.3.o -> build/src/fd-net-device/examples/ns3.22-realtime-dummy-network-debug
[2269/2404] cxxprogram: build/src/mpi/examples/third-distributed.cc.2.o -> build/src/mpi/examples/ns3.22-third-distributed-debug
[2270/2404] cxxprogram: build/src/fd-net-device/examples/fd-tap-ping6.cc.9.o -> build/src/fd-net-device/examples/ns3.22-fd-tap-ping6-debug
[2271/2404] cxxprogram: build/examples/wireless/power-adaptation-distance.cc.19.o -> build/examples/wireless/ns3.22-power-adaptation-distance-debug
[2273/2404] cxxprogram: build/examples/tcp/tcp-nsc-lfn.cc.2.o -> build/examples/tcp/ns3.22-tcp-nsc-lfn-debug
[2273/2404] cxxprogram: build/src/csma/examples/csma-one-subnet.cc.1.o -> build/src/csma/examples/ns3.22-csma-one-subnet-debug
[2274/2404] cxxprogram: build/src/csma/examples/csma-ping.cc.6.o -> build/src/csma/examples/ns3.22-csma-ping-debug
[2275/2404] cxxprogram: build/src/mpi/examples/simple-distributed-empty-node.cc.4.o -> build/src/mpi/examples/ns3.22-simple-distributed-empty-node-debug
[2276/2404] cxxprogram: build/examples/routing/static-routing-slash32.cc.2.o -> build/examples/routing/ns3.22-static-routing-slash32-debug
[2277/2404] cxxprogram: build/src/spectrum/examples/adhoc-aloha-ideal-phy-matrix-propagation-loss-model.cc.2.o -> build/src/spectrum/examples/ns3.22-adhoc-aloha-ideal-phy-matrix-propagation-loss-model-debug
[2278/2404] cxxprogram: build/examples/tcp/tcp-bulk-send.cc.6.o -> build/examples/tcp/ns3.22-tcp-bulk-send-debug
[2279/2404] cxxprogram: build/src/csma/examples/csma-raw-ip-socket.cc.5.o -> build/src/csma/examples/ns3.22-csma-raw-ip-socket-debug
[2280/2404] cxxprogram: build/examples/wireless/wifi-sleep.cc.18.o -> build/examples/wireless/ns3.22-wifi-sleep-debug
[2281/2404] cxxprogram: build/src/tap-bridge/examples/tap-wifi-dumbbell.cc.4.o -> build/src/tap-bridge/examples/ns3.22-tap-wifi-dumbbell-debug
[2282/2404] cxxprogram: build/examples/wireless/power-adaptation-interference.cc.20.o -> build/examples/wireless/ns3.22-power-adaptation-interference-debug
[2283/2404] cxxprogram: build/src/tap-bridge/examples/tap-wifi-virtual-machine.cc.3.o -> build/src/tap-bridge/examples/ns3.22-tap-wifi-virtual-machine-debug
[2284/2404] cxxprogram: build/src/mpi/examples/simple-distributed.cc.1.o -> build/src/mpi/examples/ns3.22-simple-distributed-debug
[2285/2404] cxxprogram: build/src/sixlowpan/examples/example-ping-lr-wpan.cc.2.o -> build/src/sixlowpan/examples/ns3.22-example-ping-lr-wpan-debug
[2286/2404] cxxshlib:  -> build/libns3.22-test-debug.so
[2287/2404] cxxprogram: build/src/topology-read/examples/topology-example-sim.cc.1.o -> build/src/topology-read/examples/ns3.22-topology-read-debug
[2288/2404] cxxprogram: build/src/dsr/examples/dsr.cc.1.o -> build/src/dsr/examples/ns3.22-dsr-debug
[2289/2404] cxxprogram: build/examples/wireless/wifi-hidden-terminal.cc.15.o -> build/examples/wireless/ns3.22-wifi-hidden-terminal-debug
[2290/2404] cxxprogram: build/src/nix-vector-routing/examples/nms-p2p-nix.cc.2.o -> build/src/nix-vector-routing/examples/ns3.22-nms-p2p-nix-debug
[2291/2404] cxxprogram: build/src/csma-layout/examples/csma-star.cc.1.o -> build/src/csma-layout/examples/ns3.22-csma-star-debug
[2292/2404] cxxprogram: build/src/sixlowpan/examples/example-sixlowpan.cc.1.o -> build/src/sixlowpan/examples/ns3.22-example-sixlowpan-debug
[2293/2404] cxxprogram: build/examples/routing/simple-global-routing.cc.5.o -> build/examples/routing/ns3.22-simple-global-routing-debug
[2294/2404] cxxprogram: build/examples/tcp/tcp-nsc-comparison.cc.7.o -> build/examples/tcp/ns3.22-tcp-nsc-comparison-debug
[2295/2404] cxxprogram: build/src/network/examples/red-tests.cc.3.o -> build/src/network/examples/ns3.22-red-tests-debug
[2296/2404] cxxprogram: build/src/tap-bridge/examples/tap-csma.cc.1.o -> build/src/tap-bridge/examples/ns3.22-tap-csma-debug
[2297/2404] cxxshlib: build/src/dsr/test/dsr-test-suite.cc.3.o -> build/libns3.22-dsr-test-debug.so
[2298/2404] cxxshlib: build/src/flow-monitor/test/histogram-test-suite.cc.3.o -> build/libns3.22-flow-monitor-test-debug.so
[2299/2404] cxxprogram: build/src/wimax/examples/wimax-multicast.cc.2.o -> build/src/wimax/examples/ns3.22-wimax-multicast-debug
[2300/2404] cxxprogram: build/examples/tcp/tcp-variants-comparison.cc.8.o -> build/examples/tcp/ns3.22-tcp-variants-comparison-debug
[2301/2404] cxxshlib: build/src/sixlowpan/test/sixlowpan-hc1-test.cc.3.o build/src/sixlowpan/test/sixlowpan-iphc-test.cc.3.o build/src/sixlowpan/test/error-channel-sixlow.cc.3.o build/src/sixlowpan/test/sixlowpan-fragmentation-test.cc.3.o -> build/libns3.22-sixlowpan-test-debug.so
[2302/2404] cxxprogram: build/examples/ipv6/wsn-ping6.cc.9.o -> build/examples/ipv6/ns3.22-wsn-ping6-debug
[2303/2404] cxxprogram: build/src/tap-bridge/examples/tap-csma-virtual-machine.cc.2.o -> build/src/tap-bridge/examples/ns3.22-tap-csma-virtual-machine-debug
[2304/2404] cxxprogram: build/src/mpi/examples/nms-p2p-nix-distributed.cc.3.o -> build/src/mpi/examples/ns3.22-nms-p2p-nix-distributed-debug
[2305/2404] cxxprogram: build/src/nix-vector-routing/examples/nix-simple.cc.1.o -> build/src/nix-vector-routing/examples/ns3.22-nix-simple-debug
[2306/2404] cxxshlib: build/src/wimax/test/wimax-tlv-test.cc.3.o build/src/wimax/test/mac-messages-test.cc.3.o build/src/wimax/test/wimax-service-flow-test.cc.3.o build/src/wimax/test/ss-mac-test.cc.3.o build/src/wimax/test/phy-test.cc.3.o build/src/wimax/test/qos-test.cc.3.o build/src/wimax/test/wimax-fragmentation-test.cc.3.o -> build/libns3.22-wimax-test-debug.so
[2307/2404] cxxprogram: build/examples/wireless/rate-adaptation-distance.cc.21.o -> build/examples/wireless/ns3.22-rate-adaptation-distance-debug
[2308/2404] cxxprogram: build/src/wimax/examples/wimax-simple.cc.3.o -> build/src/wimax/examples/ns3.22-wimax-simple-debug
[2309/2404] cxxprogram: build/src/wimax/examples/wimax-ipv4.cc.1.o -> build/src/wimax/examples/ns3.22-wimax-ipv4-debug
[2310/2404] cxxshlib: build/src/aodv/test/aodv-id-cache-test-suite.cc.3.o build/src/aodv/test/aodv-test-suite.cc.3.o build/src/aodv/test/aodv-regression.cc.3.o build/src/aodv/test/bug-772.cc.3.o build/src/aodv/test/loopback.cc.3.o -> build/libns3.22-aodv-test-debug.so
[2311/2404] cxxprogram: build/src/aodv/examples/aodv.cc.1.o -> build/src/aodv/examples/ns3.22-aodv-debug
[2312/2404] cxxshlib: build/src/mesh/test/mesh-information-element-vector-test-suite.cc.3.o build/src/mesh/test/dot11s/dot11s-test-suite.cc.3.o build/src/mesh/test/dot11s/pmp-regression.cc.3.o build/src/mesh/test/dot11s/hwmp-reactive-regression.cc.3.o build/src/mesh/test/dot11s/hwmp-proactive-regression.cc.3.o build/src/mesh/test/dot11s/hwmp-simplest-regression.cc.3.o build/src/mesh/test/dot11s/hwmp-target-flags-regression.cc.3.o build/src/mesh/test/dot11s/regression.cc.3.o build/src/mesh/test/flame/flame-test-suite.cc.3.o build/src/mesh/test/flame/flame-regression.cc.3.o build/src/mesh/test/flame/regression.cc.3.o -> build/libns3.22-mesh-test-debug.so
[2313/2404] cxxprogram: build/src/mesh/examples/mesh.cc.1.o -> build/src/mesh/examples/ns3.22-mesh-debug
[2314/2404] cxxprogram: build/src/wave/examples/wave-simple-device.cc.2.o -> build/src/wave/examples/ns3.22-wave-simple-device-debug
[2315/2404] cxxshlib: build/src/wave/test/mac-extension-test-suite.cc.3.o build/src/wave/test/ocb-test-suite.cc.3.o -> build/libns3.22-wave-test-debug.so
[2316/2404] cxxprogram: build/src/wave/examples/wave-simple-80211p.cc.1.o -> build/src/wave/examples/ns3.22-wave-simple-80211p-debug
[2317/2404] cxxprogram: build/src/wave/examples/vanet-routing-compare.cc.3.o -> build/src/wave/examples/ns3.22-vanet-routing-compare-debug
[2318/2404] cxxprogram: build/examples/routing/manet-routing-compare.cc.9.o -> build/examples/routing/ns3.22-manet-routing-compare-debug
[2319/2404] cxxprogram: build/examples/wireless/wifi-simple-adhoc-grid.cc.9.o -> build/examples/wireless/ns3.22-wifi-simple-adhoc-grid-debug
[2320/2404] cxxprogram: build/src/olsr/examples/simple-point-to-point-olsr.cc.1.o -> build/src/olsr/examples/ns3.22-simple-point-to-point-olsr-debug
[2321/2404] cxxshlib: build/src/olsr/test/bug780-test.cc.3.o build/src/olsr/test/hello-regression-test.cc.3.o build/src/olsr/test/olsr-header-test-suite.cc.3.o build/src/olsr/test/regression-test-suite.cc.3.o build/src/olsr/test/olsr-routing-protocol-test-suite.cc.3.o build/src/olsr/test/tc-regression-test.cc.3.o -> build/libns3.22-olsr-test-debug.so
[2322/2404] cxxprogram: build/examples/wireless/multirate.cc.7.o -> build/examples/wireless/ns3.22-multirate-debug
[2323/2404] cxxprogram: build/src/olsr/examples/olsr-hna.cc.2.o -> build/src/olsr/examples/ns3.22-olsr-hna-debug
[2324/2404] cxxshlib: build/src/test/csma-system-test-suite.cc.4.o build/src/test/ns3wifi/wifi-interference-test-suite.cc.4.o build/src/test/ns3wifi/wifi-msdu-aggregator-test-suite.cc.4.o build/src/test/ns3tcp/ns3tcp-cwnd-test-suite.cc.4.o build/src/test/ns3tcp/ns3tcp-interop-test-suite.cc.4.o build/src/test/ns3tcp/ns3tcp-loss-test-suite.cc.4.o build/src/test/ns3tcp/ns3tcp-no-delay-test-suite.cc.4.o build/src/test/ns3tcp/ns3tcp-socket-test-suite.cc.4.o build/src/test/ns3tcp/ns3tcp-state-test-suite.cc.4.o build/src/test/ns3tcp/nsctcp-loss-test-suite.cc.4.o build/src/test/ns3tcp/ns3tcp-socket-writer.cc.4.o -> build/libns3.22-test-test-debug.so
[2330/2404] cxxshlib: build/src/lte/test/lte-test-downlink-sinr.cc.3.o build/src/lte/test/lte-test-uplink-sinr.cc.3.o build/src/lte/test/lte-test-link-adaptation.cc.3.o build/src/lte/test/lte-test-interference.cc.3.o build/src/lte/test/lte-test-sinr-chunk-processor.cc.3.o build/src/lte/test/lte-test-ue-phy.cc.3.o build/src/lte/test/lte-test-rr-ff-mac-scheduler.cc.3.o build/src/lte/test/lte-test-pf-ff-mac-scheduler.cc.3.o build/src/lte/test/lte-test-fdmt-ff-mac-scheduler.cc.3.o build/src/lte/test/lte-test-tdmt-ff-mac-scheduler.cc.3.o build/src/lte/test/lte-test-tta-ff-mac-scheduler.cc.3.o build/src/lte/test/lte-test-fdbet-ff-mac-scheduler.cc.3.o build/src/lte/test/lte-test-tdbet-ff-mac-scheduler.cc.3.o build/src/lte/test/lte-test-fdtbfq-ff-mac-scheduler.cc.3.o build/src/lte/test/lte-test-tdtbfq-ff-mac-scheduler.cc.3.o build/src/lte/test/lte-test-pss-ff-mac-scheduler.cc.3.o build/src/lte/test/lte-test-cqa-ff-mac-scheduler.cc.3.o build/src/lte/test/lte-test-earfcn.cc.3.o build/src/lte/test/lte-test-spectrum-value-helper.cc.3.o build/src/lte/test/lte-test-pathloss-model.cc.3.o build/src/lte/test/lte-test-entities.cc.3.o build/src/lte/test/lte-simple-helper.cc.3.o build/src/lte/test/lte-simple-net-device.cc.3.o build/src/lte/test/lte-test-rlc-um-transmitter.cc.3.o build/src/lte/test/lte-test-rlc-am-transmitter.cc.3.o build/src/lte/test/lte-test-rlc-um-e2e.cc.3.o build/src/lte/test/lte-test-rlc-am-e2e.cc.3.o build/src/lte/test/epc-test-gtpu.cc.3.o build/src/lte/test/test-epc-tft-classifier.cc.3.o build/src/lte/test/epc-test-s1u-downlink.cc.3.o build/src/lte/test/epc-test-s1u-uplink.cc.3.o build/src/lte/test/test-lte-epc-e2e-data.cc.3.o build/src/lte/test/test-lte-antenna.cc.3.o build/src/lte/test/lte-test-phy-error-model.cc.3.o build/src/lte/test/lte-test-mimo.cc.3.o build/src/lte/test/lte-test-harq.cc.3.o build/src/lte/test/test-lte-rrc.cc.3.o build/src/lte/test/test-lte-x2-handover.cc.3.o build/src/lte/test/test-lte-x2-handover-measures.cc.3.o build/src/lte/test/test-asn1-encoding.cc.3.o build/src/lte/test/lte-test-ue-measurements.cc.3.o build/src/lte/test/lte-test-cell-selection.cc.3.o build/src/lte/test/test-lte-handover-delay.cc.3.o build/src/lte/test/test-lte-handover-target.cc.3.o build/src/lte/test/lte-test-deactivate-bearer.cc.3.o build/src/lte/test/lte-ffr-simple.cc.3.o build/src/lte/test/lte-test-downlink-power-control.cc.3.o build/src/lte/test/lte-test-uplink-power-control.cc.3.o build/src/lte/test/lte-test-frequency-reuse.cc.3.o build/src/lte/test/lte-test-interference-fr.cc.3.o build/src/lte/test/lte-test-cqi-generation.cc.3.o build/src/lte/test/lte-simple-spectrum-phy.cc.3.o -> build/libns3.22-lte-test-debug.so
[2330/2404] cxxprogram: build/src/lte/examples/lena-profiling.cc.6.o -> build/src/lte/examples/ns3.22-lena-profiling-debug
[2330/2404] cxxprogram: build/src/lte/examples/lena-simple.cc.10.o -> build/src/lte/examples/ns3.22-lena-simple-debug
[2331/2404] cxxprogram: build/src/lte/examples/lena-pathloss-traces.cc.5.o -> build/src/lte/examples/ns3.22-lena-pathloss-traces-debug
[2331/2404] cxxprogram: build/src/lte/examples/lena-frequency-reuse.cc.16.o -> build/src/lte/examples/ns3.22-lena-frequency-reuse-debug
[2331/2404] cxxprogram: build/src/lte/examples/lena-intercell-interference.cc.4.o -> build/src/lte/examples/ns3.22-lena-intercell-interference-debug
[2333/2404] cxxprogram: build/src/lte/examples/lena-distributed-ffr.cc.17.o -> build/src/lte/examples/ns3.22-lena-distributed-ffr-debug
[2333/2404] cxxprogram: build/src/lte/examples/lena-dual-stripe.cc.2.o -> build/src/lte/examples/ns3.22-lena-dual-stripe-debug
[2333/2404] cxxprogram: build/src/lte/examples/lena-cqi-threshold.cc.1.o -> build/src/lte/examples/ns3.22-lena-cqi-threshold-debug
[2334/2404] cxxprogram: build/src/lte/examples/lena-rem-sector-antenna.cc.8.o -> build/src/lte/examples/ns3.22-lena-rem-sector-antenna-debug
[2335/2404] cxxprogram: build/src/lte/examples/lena-x2-handover.cc.13.o -> build/src/lte/examples/ns3.22-lena-x2-handover-debug
[2336/2404] cxxprogram: build/src/lte/examples/lena-uplink-power-control.cc.18.o -> build/src/lte/examples/ns3.22-lena-uplink-power-control-debug
[2337/2404] cxxprogram: build/src/lte/examples/lena-simple-epc.cc.11.o -> build/src/lte/examples/ns3.22-lena-simple-epc-debug
[2338/2404] cxxprogram: build/src/lte/examples/lena-x2-handover-measures.cc.14.o -> build/src/lte/examples/ns3.22-lena-x2-handover-measures-debug
[2339/2404] cxxprogram: build/src/lte/examples/lena-deactivate-bearer.cc.12.o -> build/src/lte/examples/ns3.22-lena-deactivate-bearer-debug
Waf: Leaving directory `/home/arwin/cs456/ns-allinone-3.22/ns-3.22/build'
Interrupted 
